<?xml version="1.0" encoding="utf-8"?><testsuites name="pytest tests"><testsuite name="pytest" errors="0" failures="0" skipped="0" tests="21" time="6.064" timestamp="2026-08-12T09:47:47.682376+00:00" hostname="agent-env-14cdcc68-2200-4660-ab69-9ea4e52d9c5d"><testcase classname="tests.test_sipp_and_documents.TestSippConnection" name="test_get_connection_shape" time="0.488" /><testcase classname="tests.test_sipp_and_documents.TestSippConnection" name="test_save_connection_super_admin" time="0.216" /><testcase classname="tests.test_sipp_and_documents.TestSippConnection" name="test_blank_password_preserves" time="0.206" /><testcase classname="tests.test_sipp_and_documents.TestSippConnection" name="test_viewer_cannot_read_connection" time="0.764" /><testcase classname="tests.test_sipp_and_documents.TestSippConnection" name="test_viewer_cannot_save_connection" time="0.092" /><testcase classname="tests.test_sipp_and_documents.TestSippTestConnection" name="test_test_connection_graceful_failure" time="0.217" /><testcase classname="tests.test_sipp_and_documents.TestSippTestConnection" name="test_viewer_cannot_test" time="0.092" /><testcase classname="tests.test_sipp_and_documents.TestSippValidateReadonly" name="test_module_validate_readonly" time="0.019" /><testcase classname="tests.test_sipp_and_documents.TestSippValidateReadonly" name="test_pull_rejects_nonselect_via_mapping" time="0.526" /><testcase classname="tests.test_sipp_and_documents.TestSippValidateReadonly" name="test_pull_missing_mapping" time="0.302" /><testcase classname="tests.test_sipp_and_documents.TestSippValidateReadonly" name="test_pull_with_valid_select_graceful" time="0.331" /><testcase classname="tests.test_sipp_and_documents.TestDocuments" name="test_upload_pdf" time="0.467" /><testcase classname="tests.test_sipp_and_documents.TestDocuments" name="test_reject_disallowed_extension" time="0.111" /><testcase classname="tests.test_sipp_and_documents.TestDocuments" name="test_reject_oversize" time="0.438" /><testcase classname="tests.test_sipp_and_documents.TestDocuments" name="test_list_documents" time="0.098" /><testcase classname="tests.test_sipp_and_documents.TestDocuments" name="test_download_bearer" time="0.320" /><testcase classname="tests.test_sipp_and_documents.TestDocuments" name="test_download_query_auth" time="0.269" /><testcase classname="tests.test_sipp_and_documents.TestDocuments" name="test_download_no_token" time="0.091" /><testcase classname="tests.test_sipp_and_documents.TestDocuments" name="test_viewer_cannot_upload" time="0.115" /><testcase classname="tests.test_sipp_and_documents.TestDocuments" name="test_soft_delete" time="0.316" /><testcase classname="tests.test_sipp_and_documents.TestDocuments" name="test_viewer_cannot_delete" time="0.503" /></testsuite></testsuites>