<?xml version="1.0" encoding="utf-8"?><testsuites name="pytest tests"><testsuite name="pytest" errors="0" failures="0" skipped="0" tests="12" time="13.027" timestamp="2026-09-14T06:45:38.133332+00:00" hostname="agent-env-14cdcc68-2200-4660-ab69-9ea4e52d9c5d"><testcase classname="tests.test_sipp_desktop_bridge" name="test_sipp_test_connection_returns_400_with_helpful_indonesian_message" time="9.233" /><testcase classname="tests.test_sipp_desktop_bridge" name="test_sipp_connection_full_admin" time="0.195" /><testcase classname="tests.test_sipp_desktop_bridge" name="test_sipp_connection_full_viewer_forbidden" time="0.820" /><testcase classname="tests.test_sipp_desktop_bridge" name="test_pull_values_stores_and_get_returns" time="0.510" /><testcase classname="tests.test_sipp_desktop_bridge" name="test_pull_values_viewer_forbidden" time="0.118" /><testcase classname="tests.test_sipp_desktop_bridge" name="test_pull_values_locked_period_admin_role_returns_400" time="0.951" /><testcase classname="tests.test_sipp_desktop_bridge" name="test_pull_values_bad_indicator_returns_404" time="0.135" /><testcase classname="tests.test_sipp_desktop_bridge" name="test_sipp_pull_no_mapping_400" time="0.391" /><testcase classname="tests.test_sipp_desktop_bridge" name="test_download_windows_head_ok" time="0.110" /><testcase classname="tests.test_sipp_desktop_bridge" name="test_dashboard_summary_ok" time="0.117" /><testcase classname="tests.test_sipp_desktop_bridge" name="test_indicators_list_ok" time="0.128" /><testcase classname="tests.test_sipp_desktop_bridge" name="test_data_entry_save_and_calculate" time="0.236" /></testsuite></testsuites>