<?xml version="1.0" encoding="utf-8"?><testsuites name="pytest tests"><testsuite name="pytest" errors="0" failures="0" skipped="0" tests="17" time="8.135" timestamp="2026-09-24T03:42:01.103663+00:00" hostname="agent-env-14cdcc68-2200-4660-ab69-9ea4e52d9c5d"><testcase classname="tests.test_calc_engine.TestHealth" name="test_health" time="0.259" /><testcase classname="tests.test_calc_engine.TestFormulaEngine" name="test_formula_indicator_persistence" time="0.656" /><testcase classname="tests.test_calc_engine.TestFormulaEngine" name="test_formula_basic_95" time="0.654" /><testcase classname="tests.test_calc_engine.TestFormulaEngine" name="test_formula_zero_denominator_guarded" time="0.604" /><testcase classname="tests.test_calc_engine.TestFormulaEngine" name="test_formula_bad_returns_note_not_500" time="0.390" /><testcase classname="tests.test_calc_engine.TestFormulaEngine" name="test_formula_target_direction_lower" time="0.372" /><testcase classname="tests.test_calc_engine.TestFormulaEngine" name="test_formula_target_direction_exact" time="0.385" /><testcase classname="tests.test_calc_engine.TestFormulaEngine" name="test_achievement_threshold_configurable" time="0.374" /><testcase classname="tests.test_calc_engine.TestCalcTypes" name="test_percentage_regression" time="0.403" /><testcase classname="tests.test_calc_engine.TestCalcTypes" name="test_manual_calc" time="0.391" /><testcase classname="tests.test_calc_engine.TestCalcTypes" name="test_composite_calc" time="0.391" /><testcase classname="tests.test_calc_engine.TestOverride" name="test_override_success_preserves_original" time="0.556" /><testcase classname="tests.test_calc_engine.TestOverride" name="test_override_requires_reason" time="0.542" /><testcase classname="tests.test_calc_engine.TestOverride" name="test_override_viewer_forbidden" time="1.021" /><testcase classname="tests.test_calc_engine.TestOverride" name="test_history_appends_override_and_prev" time="0.689" /><testcase classname="tests.test_calc_engine.TestRecalcAll" name="test_recalculate_all_isolated" time="0.129" /><testcase classname="tests.test_calc_engine.TestHistory" name="test_calculations_latest_only" time="0.235" /></testsuite></testsuites>