<?xml version="1.0" encoding="utf-8"?><testsuites name="pytest tests"><testsuite name="pytest" errors="0" failures="0" skipped="0" tests="29" time="5.881" timestamp="2026-08-12T09:26:22.775307+00:00" hostname="agent-env-14cdcc68-2200-4660-ab69-9ea4e52d9c5d"><testcase classname="tests.test_kintrack_backend.TestConfig" name="test_data_sources" time="0.797" /><testcase classname="tests.test_kintrack_backend.TestConfig" name="test_sipp_sync_501" time="0.140" /><testcase classname="tests.test_kintrack_backend.TestConfig" name="test_business_rules" time="0.122" /><testcase classname="tests.test_kintrack_backend.TestDataEntryAndCalc" name="test_percentage_validation_negative_denom" time="1.147" /><testcase classname="tests.test_kintrack_backend.TestConfig" name="test_survey_questions" time="0.101" /><testcase classname="tests.test_kintrack_backend.TestDataEntryAndCalc" name="test_percentage_num_gt_den_rejected" time="0.103" /><testcase classname="tests.test_kintrack_backend.TestDataEntryAndCalc" name="test_percentage_zero_denominator_na" time="0.243" /><testcase classname="tests.test_kintrack_backend.TestConfig" name="test_mapping_crud" time="0.446" /><testcase classname="tests.test_kintrack_backend.TestDataEntryAndCalc" name="test_percentage_correct_and_status" time="0.707" /><testcase classname="tests.test_kintrack_backend.TestAuth" name="test_login_invalid" time="0.348" /><testcase classname="tests.test_kintrack_backend.TestAuth" name="test_me_requires_auth" time="0.139" /><testcase classname="tests.test_kintrack_backend.TestAuth" name="test_me_ok" time="0.205" /><testcase classname="tests.test_kintrack_backend.TestDataEntryAndCalc" name="test_composite_ipasn" time="0.274" /><testcase classname="tests.test_kintrack_backend.TestIndicators" name="test_seed_count_17" time="0.000" /><testcase classname="tests.test_kintrack_backend.TestIndicators" name="test_get_single_versions_and_mappings" time="0.159" /><testcase classname="tests.test_kintrack_backend.TestIndicators" name="test_create_update_toggle_delete" time="0.591" /><testcase classname="tests.test_kintrack_backend.TestDataEntryAndCalc" name="test_manual_indicator" time="0.249" /><testcase classname="tests.test_kintrack_backend.TestDataEntryAndCalc" name="test_recalculate_all" time="0.135" /><testcase classname="tests.test_kintrack_backend.TestOfficers" name="test_list_officers_enriched" time="0.125" /><testcase classname="tests.test_kintrack_backend.TestOfficers" name="test_officer_crud" time="0.641" /><testcase classname="tests.test_kintrack_backend.TestUsersAndRBAC" name="test_users_list_super_admin" time="0.122" /><testcase classname="tests.test_kintrack_backend.TestUsersAndRBAC" name="test_create_viewer_and_rbac" time="1.446" /><testcase classname="tests.test_kintrack_backend.TestPeriods" name="test_periods_seed_15" time="0.001" /><testcase classname="tests.test_kintrack_backend.TestPeriods" name="test_lock_toggle" time="0.526" /><testcase classname="tests.test_kintrack_backend.TestWorkflow" name="test_advance_workflow" time="0.678" /><testcase classname="tests.test_kintrack_backend.TestUsersAndRBAC" name="test_cannot_delete_self" time="0.229" /><testcase classname="tests.test_kintrack_backend.TestAudit" name="test_audit_logs" time="0.103" /><testcase classname="tests.test_kintrack_backend.TestDashboard" name="test_dashboard_shape" time="0.169" /><testcase classname="tests.test_kintrack_backend.TestDashboard" name="test_dashboard_filter_category" time="0.143" /></testsuite></testsuites>